Determining if the pthread_create exist failed with the following output:
Change Dir: /home/dipto/ros_workspaces/csc790_labs/build_debug/lab05_vision/CMakeFiles/CMakeTmp

Run Build Command:"/usr/bin/make" "cmTC_69aec/fast"
/usr/bin/make -f CMakeFiles/cmTC_69aec.dir/build.make CMakeFiles/cmTC_69aec.dir/build
make[1]: Entering directory '/home/dipto/ros_workspaces/csc790_labs/build_debug/lab05_vision/CMakeFiles/CMakeTmp'
Building C object CMakeFiles/cmTC_69aec.dir/CheckSymbolExists.c.o
/usr/bin/cc     -o CMakeFiles/cmTC_69aec.dir/CheckSymbolExists.c.o   -c /home/dipto/ros_workspaces/csc790_labs/build_debug/lab05_vision/CMakeFiles/CMakeTmp/CheckSymbolExists.c
Linking C executable cmTC_69aec
/usr/bin/cmake -E cmake_link_script CMakeFiles/cmTC_69aec.dir/link.txt --verbose=1
/usr/bin/cc       CMakeFiles/cmTC_69aec.dir/CheckSymbolExists.c.o  -o cmTC_69aec -rdynamic 
CMakeFiles/cmTC_69aec.dir/CheckSymbolExists.c.o: In function `main':
CheckSymbolExists.c:(.text+0x16): undefined reference to `pthread_create'
collect2: error: ld returned 1 exit status
CMakeFiles/cmTC_69aec.dir/build.make:97: recipe for target 'cmTC_69aec' failed
make[1]: *** [cmTC_69aec] Error 1
make[1]: Leaving directory '/home/dipto/ros_workspaces/csc790_labs/build_debug/lab05_vision/CMakeFiles/CMakeTmp'
Makefile:126: recipe for target 'cmTC_69aec/fast' failed
make: *** [cmTC_69aec/fast] Error 2

File /home/dipto/ros_workspaces/csc790_labs/build_debug/lab05_vision/CMakeFiles/CMakeTmp/CheckSymbolExists.c:
/* */
#include <pthread.h>

int main(int argc, char** argv)
{
  (void)argv;
#ifndef pthread_create
  return ((int*)(&pthread_create))[argc];
#else
  (void)argc;
  return 0;
#endif
}

Determining if the function pthread_create exists in the pthreads failed with the following output:
Change Dir: /home/dipto/ros_workspaces/csc790_labs/build_debug/lab05_vision/CMakeFiles/CMakeTmp

Run Build Command:"/usr/bin/make" "cmTC_338cb/fast"
/usr/bin/make -f CMakeFiles/cmTC_338cb.dir/build.make CMakeFiles/cmTC_338cb.dir/build
make[1]: Entering directory '/home/dipto/ros_workspaces/csc790_labs/build_debug/lab05_vision/CMakeFiles/CMakeTmp'
Building C object CMakeFiles/cmTC_338cb.dir/CheckFunctionExists.c.o
/usr/bin/cc    -DCHECK_FUNCTION_EXISTS=pthread_create   -o CMakeFiles/cmTC_338cb.dir/CheckFunctionExists.c.o   -c /usr/share/cmake-3.5/Modules/CheckFunctionExists.c
Linking C executable cmTC_338cb
/usr/bin/cmake -E cmake_link_script CMakeFiles/cmTC_338cb.dir/link.txt --verbose=1
/usr/bin/cc   -DCHECK_FUNCTION_EXISTS=pthread_create    CMakeFiles/cmTC_338cb.dir/CheckFunctionExists.c.o  -o cmTC_338cb -rdynamic -lpthreads 
/usr/bin/ld: cannot find -lpthreads
collect2: error: ld returned 1 exit status
CMakeFiles/cmTC_338cb.dir/build.make:97: recipe for target 'cmTC_338cb' failed
make[1]: *** [cmTC_338cb] Error 1
make[1]: Leaving directory '/home/dipto/ros_workspaces/csc790_labs/build_debug/lab05_vision/CMakeFiles/CMakeTmp'
Makefile:126: recipe for target 'cmTC_338cb/fast' failed
make: *** [cmTC_338cb/fast] Error 2


