Determining if the pthread_create exist failed with the following output:
Change Dir: /home/dipto/ros_workspaces/csc790_labs/build_debug/lab03_description/CMakeFiles/CMakeTmp

Run Build Command:"/usr/bin/make" "cmTC_3dd86/fast"
/usr/bin/make -f CMakeFiles/cmTC_3dd86.dir/build.make CMakeFiles/cmTC_3dd86.dir/build
make[1]: Entering directory '/home/dipto/ros_workspaces/csc790_labs/build_debug/lab03_description/CMakeFiles/CMakeTmp'
Building C object CMakeFiles/cmTC_3dd86.dir/CheckSymbolExists.c.o
/usr/bin/cc     -o CMakeFiles/cmTC_3dd86.dir/CheckSymbolExists.c.o   -c /home/dipto/ros_workspaces/csc790_labs/build_debug/lab03_description/CMakeFiles/CMakeTmp/CheckSymbolExists.c
Linking C executable cmTC_3dd86
/usr/bin/cmake -E cmake_link_script CMakeFiles/cmTC_3dd86.dir/link.txt --verbose=1
/usr/bin/cc       CMakeFiles/cmTC_3dd86.dir/CheckSymbolExists.c.o  -o cmTC_3dd86 -rdynamic 
CMakeFiles/cmTC_3dd86.dir/CheckSymbolExists.c.o: In function `main':
CheckSymbolExists.c:(.text+0x16): undefined reference to `pthread_create'
collect2: error: ld returned 1 exit status
CMakeFiles/cmTC_3dd86.dir/build.make:97: recipe for target 'cmTC_3dd86' failed
make[1]: *** [cmTC_3dd86] Error 1
make[1]: Leaving directory '/home/dipto/ros_workspaces/csc790_labs/build_debug/lab03_description/CMakeFiles/CMakeTmp'
Makefile:126: recipe for target 'cmTC_3dd86/fast' failed
make: *** [cmTC_3dd86/fast] Error 2

File /home/dipto/ros_workspaces/csc790_labs/build_debug/lab03_description/CMakeFiles/CMakeTmp/CheckSymbolExists.c:
/* */
#include <pthread.h>

int main(int argc, char** argv)
{
  (void)argv;
#ifndef pthread_create
  return ((int*)(&pthread_create))[argc];
#else
  (void)argc;
  return 0;
#endif
}

Determining if the function pthread_create exists in the pthreads failed with the following output:
Change Dir: /home/dipto/ros_workspaces/csc790_labs/build_debug/lab03_description/CMakeFiles/CMakeTmp

Run Build Command:"/usr/bin/make" "cmTC_7a34c/fast"
/usr/bin/make -f CMakeFiles/cmTC_7a34c.dir/build.make CMakeFiles/cmTC_7a34c.dir/build
make[1]: Entering directory '/home/dipto/ros_workspaces/csc790_labs/build_debug/lab03_description/CMakeFiles/CMakeTmp'
Building C object CMakeFiles/cmTC_7a34c.dir/CheckFunctionExists.c.o
/usr/bin/cc    -DCHECK_FUNCTION_EXISTS=pthread_create   -o CMakeFiles/cmTC_7a34c.dir/CheckFunctionExists.c.o   -c /usr/share/cmake-3.5/Modules/CheckFunctionExists.c
Linking C executable cmTC_7a34c
/usr/bin/cmake -E cmake_link_script CMakeFiles/cmTC_7a34c.dir/link.txt --verbose=1
/usr/bin/cc   -DCHECK_FUNCTION_EXISTS=pthread_create    CMakeFiles/cmTC_7a34c.dir/CheckFunctionExists.c.o  -o cmTC_7a34c -rdynamic -lpthreads 
/usr/bin/ld: cannot find -lpthreads
collect2: error: ld returned 1 exit status
CMakeFiles/cmTC_7a34c.dir/build.make:97: recipe for target 'cmTC_7a34c' failed
make[1]: *** [cmTC_7a34c] Error 1
make[1]: Leaving directory '/home/dipto/ros_workspaces/csc790_labs/build_debug/lab03_description/CMakeFiles/CMakeTmp'
Makefile:126: recipe for target 'cmTC_7a34c/fast' failed
make: *** [cmTC_7a34c/fast] Error 2


