Determining if the pthread_create exist failed with the following output:
Change Dir: /home/dipto/ros_workspaces/csc790_labs/build_debug/lab02_description/CMakeFiles/CMakeTmp

Run Build Command:"/usr/bin/make" "cmTC_88388/fast"
/usr/bin/make -f CMakeFiles/cmTC_88388.dir/build.make CMakeFiles/cmTC_88388.dir/build
make[1]: Entering directory '/home/dipto/ros_workspaces/csc790_labs/build_debug/lab02_description/CMakeFiles/CMakeTmp'
Building C object CMakeFiles/cmTC_88388.dir/CheckSymbolExists.c.o
/usr/bin/cc     -o CMakeFiles/cmTC_88388.dir/CheckSymbolExists.c.o   -c /home/dipto/ros_workspaces/csc790_labs/build_debug/lab02_description/CMakeFiles/CMakeTmp/CheckSymbolExists.c
Linking C executable cmTC_88388
/usr/bin/cmake -E cmake_link_script CMakeFiles/cmTC_88388.dir/link.txt --verbose=1
/usr/bin/cc       CMakeFiles/cmTC_88388.dir/CheckSymbolExists.c.o  -o cmTC_88388 -rdynamic 
CMakeFiles/cmTC_88388.dir/CheckSymbolExists.c.o: In function `main':
CheckSymbolExists.c:(.text+0x16): undefined reference to `pthread_create'
collect2: error: ld returned 1 exit status
CMakeFiles/cmTC_88388.dir/build.make:97: recipe for target 'cmTC_88388' failed
make[1]: *** [cmTC_88388] Error 1
make[1]: Leaving directory '/home/dipto/ros_workspaces/csc790_labs/build_debug/lab02_description/CMakeFiles/CMakeTmp'
Makefile:126: recipe for target 'cmTC_88388/fast' failed
make: *** [cmTC_88388/fast] Error 2

File /home/dipto/ros_workspaces/csc790_labs/build_debug/lab02_description/CMakeFiles/CMakeTmp/CheckSymbolExists.c:
/* */
#include <pthread.h>

int main(int argc, char** argv)
{
  (void)argv;
#ifndef pthread_create
  return ((int*)(&pthread_create))[argc];
#else
  (void)argc;
  return 0;
#endif
}

Determining if the function pthread_create exists in the pthreads failed with the following output:
Change Dir: /home/dipto/ros_workspaces/csc790_labs/build_debug/lab02_description/CMakeFiles/CMakeTmp

Run Build Command:"/usr/bin/make" "cmTC_e5faa/fast"
/usr/bin/make -f CMakeFiles/cmTC_e5faa.dir/build.make CMakeFiles/cmTC_e5faa.dir/build
make[1]: Entering directory '/home/dipto/ros_workspaces/csc790_labs/build_debug/lab02_description/CMakeFiles/CMakeTmp'
Building C object CMakeFiles/cmTC_e5faa.dir/CheckFunctionExists.c.o
/usr/bin/cc    -DCHECK_FUNCTION_EXISTS=pthread_create   -o CMakeFiles/cmTC_e5faa.dir/CheckFunctionExists.c.o   -c /usr/share/cmake-3.5/Modules/CheckFunctionExists.c
Linking C executable cmTC_e5faa
/usr/bin/cmake -E cmake_link_script CMakeFiles/cmTC_e5faa.dir/link.txt --verbose=1
/usr/bin/cc   -DCHECK_FUNCTION_EXISTS=pthread_create    CMakeFiles/cmTC_e5faa.dir/CheckFunctionExists.c.o  -o cmTC_e5faa -rdynamic -lpthreads 
/usr/bin/ld: cannot find -lpthreads
collect2: error: ld returned 1 exit status
CMakeFiles/cmTC_e5faa.dir/build.make:97: recipe for target 'cmTC_e5faa' failed
make[1]: *** [cmTC_e5faa] Error 1
make[1]: Leaving directory '/home/dipto/ros_workspaces/csc790_labs/build_debug/lab02_description/CMakeFiles/CMakeTmp'
Makefile:126: recipe for target 'cmTC_e5faa/fast' failed
make: *** [cmTC_e5faa/fast] Error 2


