Determining if the pthread_create exist failed with the following output:
Change Dir: /home/dipto/ros_workspaces/csc790_labs/build_debug/lab04_description/CMakeFiles/CMakeTmp

Run Build Command:"/usr/bin/make" "cmTC_8c1ea/fast"
/usr/bin/make -f CMakeFiles/cmTC_8c1ea.dir/build.make CMakeFiles/cmTC_8c1ea.dir/build
make[1]: Entering directory '/home/dipto/ros_workspaces/csc790_labs/build_debug/lab04_description/CMakeFiles/CMakeTmp'
Building C object CMakeFiles/cmTC_8c1ea.dir/CheckSymbolExists.c.o
/usr/bin/cc     -o CMakeFiles/cmTC_8c1ea.dir/CheckSymbolExists.c.o   -c /home/dipto/ros_workspaces/csc790_labs/build_debug/lab04_description/CMakeFiles/CMakeTmp/CheckSymbolExists.c
Linking C executable cmTC_8c1ea
/usr/bin/cmake -E cmake_link_script CMakeFiles/cmTC_8c1ea.dir/link.txt --verbose=1
/usr/bin/cc       CMakeFiles/cmTC_8c1ea.dir/CheckSymbolExists.c.o  -o cmTC_8c1ea -rdynamic 
CMakeFiles/cmTC_8c1ea.dir/CheckSymbolExists.c.o: In function `main':
CheckSymbolExists.c:(.text+0x16): undefined reference to `pthread_create'
collect2: error: ld returned 1 exit status
CMakeFiles/cmTC_8c1ea.dir/build.make:97: recipe for target 'cmTC_8c1ea' failed
make[1]: *** [cmTC_8c1ea] Error 1
make[1]: Leaving directory '/home/dipto/ros_workspaces/csc790_labs/build_debug/lab04_description/CMakeFiles/CMakeTmp'
Makefile:126: recipe for target 'cmTC_8c1ea/fast' failed
make: *** [cmTC_8c1ea/fast] Error 2

File /home/dipto/ros_workspaces/csc790_labs/build_debug/lab04_description/CMakeFiles/CMakeTmp/CheckSymbolExists.c:
/* */
#include <pthread.h>

int main(int argc, char** argv)
{
  (void)argv;
#ifndef pthread_create
  return ((int*)(&pthread_create))[argc];
#else
  (void)argc;
  return 0;
#endif
}

Determining if the function pthread_create exists in the pthreads failed with the following output:
Change Dir: /home/dipto/ros_workspaces/csc790_labs/build_debug/lab04_description/CMakeFiles/CMakeTmp

Run Build Command:"/usr/bin/make" "cmTC_336ab/fast"
/usr/bin/make -f CMakeFiles/cmTC_336ab.dir/build.make CMakeFiles/cmTC_336ab.dir/build
make[1]: Entering directory '/home/dipto/ros_workspaces/csc790_labs/build_debug/lab04_description/CMakeFiles/CMakeTmp'
Building C object CMakeFiles/cmTC_336ab.dir/CheckFunctionExists.c.o
/usr/bin/cc    -DCHECK_FUNCTION_EXISTS=pthread_create   -o CMakeFiles/cmTC_336ab.dir/CheckFunctionExists.c.o   -c /usr/share/cmake-3.5/Modules/CheckFunctionExists.c
Linking C executable cmTC_336ab
/usr/bin/cmake -E cmake_link_script CMakeFiles/cmTC_336ab.dir/link.txt --verbose=1
/usr/bin/cc   -DCHECK_FUNCTION_EXISTS=pthread_create    CMakeFiles/cmTC_336ab.dir/CheckFunctionExists.c.o  -o cmTC_336ab -rdynamic -lpthreads 
/usr/bin/ld: cannot find -lpthreads
collect2: error: ld returned 1 exit status
CMakeFiles/cmTC_336ab.dir/build.make:97: recipe for target 'cmTC_336ab' failed
make[1]: *** [cmTC_336ab] Error 1
make[1]: Leaving directory '/home/dipto/ros_workspaces/csc790_labs/build_debug/lab04_description/CMakeFiles/CMakeTmp'
Makefile:126: recipe for target 'cmTC_336ab/fast' failed
make: *** [cmTC_336ab/fast] Error 2


